<?xml version="1.0" encoding="UTF-8"?>
<!-- Generated by org.testng.reporters.JUnitXMLReporter -->
<testsuite hostname="Kedr-PC" name="Default test" tests="4" failures="0" timestamp="22 Nov 2015 22:45:58 GMT" time="84.817" errors="0">
  <testcase name="sendMailTest" time="21.265" classname="com.epam.test.CreateAndSendMessageTest"/>
  <testcase name="sendMailTest" time="15.7" classname="com.epam.test.CreateAndSendMessageTest"/>
  <testcase name="checkSent" time="2.915" classname="com.epam.test.CreateAndSendMessageTest"/>
  <testcase name="checkSent" time="3.088" classname="com.epam.test.CreateAndSendMessageTest"/>
</testsuite> <!-- Default test -->
