<?xml version="1.0" encoding="UTF-8"?>
<!-- Generated by org.testng.reporters.JUnitXMLReporter -->
<testsuite hostname="Kedr-PC" name="Default test" tests="6" failures="0" timestamp="15 Nov 2015 21:53:39 GMT" time="92.405" errors="0">
  <testcase name="logout" time="14.898" classname="com.epam.Test.LogoutTest"/>
  <testcase name="saveMailTest" time="9.493" classname="com.epam.Test.CreateAndSaveMessageTest"/>
  <testcase name="saveMailTest" time="3.375" classname="com.epam.Test.CreateAndSaveMessageTest"/>
  <testcase name="checkDrafts" time="1.599" classname="com.epam.Test.CreateAndSaveMessageTest"/>
  <testcase name="checkDrafts" time="3.117" classname="com.epam.Test.CreateAndSaveMessageTest"/>
  <testcase name="authTest" time="9.301" classname="com.epam.Test.LoginTest"/>
</testsuite> <!-- Default test -->
