<?xml version="1.0" encoding="UTF-8"?>
<!-- Generated by org.testng.reporters.JUnitXMLReporter -->
<testsuite hostname="Kedr-PC" name="Command line test" tests="6" failures="0" timestamp="15 Nov 2015 21:45:17 GMT" time="106.435" errors="0">
  <testcase name="saveMailTest" time="13.662" classname="com.epam.Test.CreateAndSaveMessageTest"/>
  <testcase name="saveMailTest" time="4.189" classname="com.epam.Test.CreateAndSaveMessageTest"/>
  <testcase name="authTest" time="12.669" classname="com.epam.Test.LoginTest"/>
  <testcase name="logout" time="14.56" classname="com.epam.Test.LogoutTest"/>
  <testcase name="checkDrafts" time="2.003" classname="com.epam.Test.CreateAndSaveMessageTest"/>
  <testcase name="checkDrafts" time="3.168" classname="com.epam.Test.CreateAndSaveMessageTest"/>
</testsuite> <!-- Command line test -->
