<?xml version="1.0" encoding="UTF-8"?>
<testng-results skipped="0" failed="0" total="6" passed="6">
  <reporter-output>
  </reporter-output>
  <suite name="Default suite" duration-ms="92405" started-at="2015-11-15T21:52:07Z" finished-at="2015-11-15T21:53:39Z">
    <groups>
    </groups>
    <test name="Default test" duration-ms="92405" started-at="2015-11-15T21:52:07Z" finished-at="2015-11-15T21:53:39Z">
      <class name="com.epam.Test.CreateAndSaveMessageTest">
        <test-method status="PASS" signature="startBrowser()[pri:0, instance:com.epam.Test.CreateAndSaveMessageTest@c1e2720]" name="startBrowser" is-config="true" duration-ms="13053" started-at="2015-11-16T00:52:36Z" finished-at="2015-11-16T00:52:49Z">
          <reporter-output>
          </reporter-output>
        </test-method> <!-- startBrowser -->
        <test-method status="PASS" signature="saveMailTest(java.lang.String, java.lang.String, java.lang.String)[pri:0, instance:com.epam.Test.CreateAndSaveMessageTest@c1e2720]" name="saveMailTest" duration-ms="9493" started-at="2015-11-16T00:52:50Z" data-provider="newMailData" finished-at="2015-11-16T00:52:59Z">
          <params>
            <param index="0">
              <value>
                <![CDATA[varchenko.nikita.v@mail.ru]]>
              </value>
            </param>
            <param index="1">
              <value>
                <![CDATA[Test2]]>
              </value>
            </param>
            <param index="2">
              <value>
                <![CDATA[Test3]]>
              </value>
            </param>
          </params>
          <reporter-output>
          </reporter-output>
        </test-method> <!-- saveMailTest -->
        <test-method status="PASS" signature="saveMailTest(java.lang.String, java.lang.String, java.lang.String)[pri:0, instance:com.epam.Test.CreateAndSaveMessageTest@c1e2720]" name="saveMailTest" duration-ms="3375" started-at="2015-11-16T00:52:59Z" data-provider="newMailData" finished-at="2015-11-16T00:53:02Z">
          <params>
            <param index="0">
              <value>
                <![CDATA[varchenko.nikita.v@gmail.com]]>
              </value>
            </param>
            <param index="1">
              <value>
                <![CDATA[Test2Test]]>
              </value>
            </param>
            <param index="2">
              <value>
                <![CDATA[Test3Test]]>
              </value>
            </param>
          </params>
          <reporter-output>
          </reporter-output>
        </test-method> <!-- saveMailTest -->
        <test-method status="PASS" signature="checkDrafts(java.lang.String, java.lang.String, java.lang.String)[pri:0, instance:com.epam.Test.CreateAndSaveMessageTest@c1e2720]" name="checkDrafts" duration-ms="1599" started-at="2015-11-16T00:53:02Z" data-provider="newMailData" depends-on-methods="com.epam.Test.CreateAndSaveMessageTest.saveMailTest" finished-at="2015-11-16T00:53:04Z">
          <params>
            <param index="0">
              <value>
                <![CDATA[varchenko.nikita.v@mail.ru]]>
              </value>
            </param>
            <param index="1">
              <value>
                <![CDATA[Test2]]>
              </value>
            </param>
            <param index="2">
              <value>
                <![CDATA[Test3]]>
              </value>
            </param>
          </params>
          <reporter-output>
          </reporter-output>
        </test-method> <!-- checkDrafts -->
        <test-method status="PASS" signature="checkDrafts(java.lang.String, java.lang.String, java.lang.String)[pri:0, instance:com.epam.Test.CreateAndSaveMessageTest@c1e2720]" name="checkDrafts" duration-ms="3117" started-at="2015-11-16T00:53:04Z" data-provider="newMailData" depends-on-methods="com.epam.Test.CreateAndSaveMessageTest.saveMailTest" finished-at="2015-11-16T00:53:07Z">
          <params>
            <param index="0">
              <value>
                <![CDATA[varchenko.nikita.v@gmail.com]]>
              </value>
            </param>
            <param index="1">
              <value>
                <![CDATA[Test2Test]]>
              </value>
            </param>
            <param index="2">
              <value>
                <![CDATA[Test3Test]]>
              </value>
            </param>
          </params>
          <reporter-output>
          </reporter-output>
        </test-method> <!-- checkDrafts -->
        <test-method status="PASS" signature="closeBrowser()[pri:0, instance:com.epam.Test.CreateAndSaveMessageTest@c1e2720]" name="closeBrowser" is-config="true" duration-ms="6817" started-at="2015-11-16T00:53:07Z" finished-at="2015-11-16T00:53:14Z">
          <reporter-output>
          </reporter-output>
        </test-method> <!-- closeBrowser -->
      </class> <!-- com.epam.Test.CreateAndSaveMessageTest -->
      <class name="com.epam.Test.LogoutTest">
        <test-method status="PASS" signature="startBrowser()[pri:0, instance:com.epam.Test.LogoutTest@bb8b79b]" name="startBrowser" is-config="true" duration-ms="14554" started-at="2015-11-16T00:52:07Z" finished-at="2015-11-16T00:52:21Z">
          <reporter-output>
          </reporter-output>
        </test-method> <!-- startBrowser -->
        <test-method status="PASS" signature="logout()[pri:0, instance:com.epam.Test.LogoutTest@bb8b79b]" name="logout" duration-ms="14898" started-at="2015-11-16T00:52:21Z" finished-at="2015-11-16T00:52:36Z">
          <reporter-output>
          </reporter-output>
        </test-method> <!-- logout -->
        <test-method status="PASS" signature="closeBrowser()[pri:0, instance:com.epam.Test.LogoutTest@bb8b79b]" name="closeBrowser" is-config="true" duration-ms="112" started-at="2015-11-16T00:52:36Z" finished-at="2015-11-16T00:52:36Z">
          <reporter-output>
          </reporter-output>
        </test-method> <!-- closeBrowser -->
      </class> <!-- com.epam.Test.LogoutTest -->
      <class name="com.epam.Test.LoginTest">
        <test-method status="PASS" signature="startBrowser()[pri:0, instance:com.epam.Test.LoginTest@f9aac17]" name="startBrowser" is-config="true" duration-ms="5596" started-at="2015-11-16T00:53:14Z" finished-at="2015-11-16T00:53:20Z">
          <reporter-output>
          </reporter-output>
        </test-method> <!-- startBrowser -->
        <test-method status="PASS" signature="authTest()[pri:0, instance:com.epam.Test.LoginTest@f9aac17]" name="authTest" duration-ms="9301" started-at="2015-11-16T00:53:20Z" finished-at="2015-11-16T00:53:29Z">
          <reporter-output>
          </reporter-output>
        </test-method> <!-- authTest -->
        <test-method status="PASS" signature="closeBrowser()[pri:0, instance:com.epam.Test.LoginTest@f9aac17]" name="closeBrowser" is-config="true" duration-ms="10346" started-at="2015-11-16T00:53:29Z" finished-at="2015-11-16T00:53:39Z">
          <reporter-output>
          </reporter-output>
        </test-method> <!-- closeBrowser -->
      </class> <!-- com.epam.Test.LoginTest -->
    </test> <!-- Default test -->
  </suite> <!-- Default suite -->
</testng-results>
